<?xml version="1.0" encoding="UTF-8"?>
<!-- Generated by org.testng.reporters.JUnitReportReporter -->
<testsuite hostname="XAV-101000885" name="test.blueoptima_test_API.Test_blueoptima_API" tests="1" failures="0" timestamp="21 Mar 2017 12:48:16 GMT" time="11.822" errors="0">
  <testcase name="test_fourpoints" time="11.822" classname="test.blueoptima_test_API.Test_blueoptima_API"/>
</testsuite> <!-- test.blueoptima_test_API.Test_blueoptima_API -->
