<?xml version="1.0" encoding="UTF-8"?>
<!-- Generated by org.testng.reporters.JUnitReportReporter -->
<testsuite hostname="Nishant-PC" name="test.blueoptima_test.Test_blueoptima" tests="1" failures="0" timestamp="20 Mar 2017 19:02:59 GMT" time="46.543" errors="0">
  <testcase name="test_fourpoints" time="46.543" classname="test.blueoptima_test.Test_blueoptima"/>
</testsuite> <!-- test.blueoptima_test.Test_blueoptima -->
